
> vibe-generated-app@1.0.0 dev
> vite


  VITE v5.4.20  ready in 232 ms

  ➜  Local:   http://localhost:3000/
  ➜  Network: http://172.20.2.165:3000/
7:56:13 PM [vite] Pre-transform error: Transform failed with 1 error:
/home/workspace/src/components/Machines.jsx:7:55: ERROR: Expected "}" but found "footprint"
7:56:14 PM [vite] ✨ new dependencies optimized: @splinetool/react-spline, framer-motion, lucide-react
7:56:14 PM [vite] ✨ optimized dependencies changed. reloading
7:56:15 PM [vite] Pre-transform error: Transform failed with 1 error:
/home/workspace/src/components/Machines.jsx:7:55: ERROR: Expected "}" but found "footprint"
The file does not exist at "/home/workspace/node_modules/.vite/deps/chunk-I4MZPW7S.js?v=35394813" which is in the optimize deps directory. The dependency might be incompatible with the dep optimizer. Try adding it to `optimizeDeps.exclude`.
7:56:15 PM [vite] Internal server error: Transform failed with 1 error:
/home/workspace/src/components/Machines.jsx:7:55: ERROR: Expected "}" but found "footprint"
  Plugin: vite:esbuild
  File: /home/workspace/src/components/Machines.jsx:7:55
  
  Expected "}" but found "footprint"
  5  |      name: "QB Mini",
  6  |      tag: "Compact",
  7  |      desc: "Perfect for lobbies and studios. 24". Small footprint, big impact.",
     |                                                         ^
  8  |      colors: "from-rose-500 via-orange-400 to-yellow-300",
  9  |      icon: Candy,
  
      at failureErrorWithLog (/home/workspace/node_modules/esbuild/lib/main.js:1472:15)
      at /home/workspace/node_modules/esbuild/lib/main.js:755:50
      at responseCallbacks.<computed> (/home/workspace/node_modules/esbuild/lib/main.js:622:9)
      at handleIncomingPacket (/home/workspace/node_modules/esbuild/lib/main.js:677:12)
      at Socket.readFromStdout (/home/workspace/node_modules/esbuild/lib/main.js:600:7)
      at Socket.emit (node:events:508:28)
      at addChunk (node:internal/streams/readable:559:12)
      at readableAddChunkPushByteMode (node:internal/streams/readable:510:3)
      at Readable.push (node:internal/streams/readable:390:5)
      at Pipe.onStreamRead (node:internal/stream_base_commons:189:23)
7:56:33 PM [vite] Internal server error: Transform failed with 1 error:
/home/workspace/src/components/Machines.jsx:7:55: ERROR: Expected "}" but found "footprint"
  Plugin: vite:esbuild
  File: /home/workspace/src/components/Machines.jsx:7:55
  
  Expected "}" but found "footprint"
  5  |      name: "QB Mini",
  6  |      tag: "Compact",
  7  |      desc: "Perfect for lobbies and studios. 24". Small footprint, big impact.",
     |                                                         ^
  8  |      colors: "from-rose-500 via-orange-400 to-yellow-300",
  9  |      icon: Candy,
  
      at failureErrorWithLog (/home/workspace/node_modules/esbuild/lib/main.js:1472:15)
      at /home/workspace/node_modules/esbuild/lib/main.js:755:50
      at responseCallbacks.<computed> (/home/workspace/node_modules/esbuild/lib/main.js:622:9)
      at handleIncomingPacket (/home/workspace/node_modules/esbuild/lib/main.js:677:12)
      at Socket.readFromStdout (/home/workspace/node_modules/esbuild/lib/main.js:600:7)
      at Socket.emit (node:events:508:28)
      at addChunk (node:internal/streams/readable:559:12)
      at readableAddChunkPushByteMode (node:internal/streams/readable:510:3)
      at Readable.push (node:internal/streams/readable:390:5)
      at Pipe.onStreamRead (node:internal/stream_base_commons:189:23)
